Simulating scenario scenario-01-input-95-Mib with SLO 13000 ms.
{
  "executionTimeMs": 14449,
  "totalCost": 0.00023899999999999998,
  "data": {
    "sizeBytes": 21512192
  },
  "stepLogs": {
    "validate-log": {
      "resourceProfile": {
        "memoryMiB": 512,
        "milliCpu": 333,
        "price100Ms": 0.000001295
      },
      "executionTimeMs": 4322,
      "executionCost": 0.000057
    },
    "extract-basic-stats": {
      "resourceProfile": {
        "memoryMiB": 1024,
        "milliCpu": 583,
        "price100Ms": 0.00000231
      },
      "executionTimeMs": 3987,
      "executionCost": 0.000092
    },
    "extract-successes": {
      "resourceProfile": {
        "memoryMiB": 512,
        "milliCpu": 333,
        "price100Ms": 0.000001295
      },
      "executionTimeMs": 5153,
      "executionCost": 0.000067
    },
    "extract-success-stats": {
      "resourceProfile": {
        "memoryMiB": 1024,
        "milliCpu": 583,
        "price100Ms": 0.00000231
      },
      "executionTimeMs": 987,
      "executionCost": 0.000023
    }
  }
}
