Simulating scenario scenario-03-input-2-Mib with SLO 750 ms.
{
  "executionTimeMs": 409,
  "totalCost": 0.00039600000000000003,
  "data": {
    "sizeBytes": 2070369
  },
  "stepLogs": {
    "validate-log": {
      "resourceProfile": {
        "memoryMiB": 4096,
        "milliCpu": 2000,
        "price100Ms": 0.00000812
      },
      "executionTimeMs": 80,
      "executionCost": 0.000008
    },
    "extract-basic-stats": {
      "resourceProfile": {
        "memoryMiB": 16384,
        "milliCpu": 4000,
        "price100Ms": 0.0001904
      },
      "executionTimeMs": 84,
      "executionCost": 0.00019
    },
    "extract-successes": {
      "resourceProfile": {
        "memoryMiB": 2048,
        "milliCpu": 1000,
        "price100Ms": 0.00000406
      },
      "executionTimeMs": 163,
      "executionCost": 0.000008
    },
    "extract-success-stats": {
      "resourceProfile": {
        "memoryMiB": 16384,
        "milliCpu": 4000,
        "price100Ms": 0.0001904
      },
      "executionTimeMs": 82,
      "executionCost": 0.00019
    }
  }
}
