Finding configs using SLAM scenario slam-scenario
Returning cost optimized result (0.000235) instead of base result (0.000304).
SLAM output: {
  "workflowOutput": {
    "executionTimeMs": 6821,
    "totalCost": 0.000235,
    "data": {
      "sizeBytes": 21512192
    },
    "stepLogs": {
      "validate-log": {
        "resourceProfile": {
          "memoryMiB": 1024,
          "milliCpu": 583,
          "price100Ms": 0.00000231
        },
        "executionTimeMs": 1747,
        "executionCost": 0.000042
      },
      "extract-basic-stats": {
        "resourceProfile": {
          "memoryMiB": 2048,
          "milliCpu": 1000,
          "price100Ms": 0.00000406
        },
        "executionTimeMs": 2241,
        "executionCost": 0.000093
      },
      "extract-successes": {
        "resourceProfile": {
          "memoryMiB": 2048,
          "milliCpu": 1000,
          "price100Ms": 0.00000406
        },
        "executionTimeMs": 1846,
        "executionCost": 0.000077
      },
      "extract-success-stats": {
        "resourceProfile": {
          "memoryMiB": 1024,
          "milliCpu": 583,
          "price100Ms": 0.00000231
        },
        "executionTimeMs": 987,
        "executionCost": 0.000023
      }
    }
  },
  "stepConfigs": {
    "validate-log": {
      "memoryMiB": 1024,
      "milliCpu": 583,
      "price100Ms": 0.00000231
    },
    "extract-basic-stats": {
      "memoryMiB": 2048,
      "milliCpu": 1000,
      "price100Ms": 0.00000406
    },
    "extract-successes": {
      "memoryMiB": 2048,
      "milliCpu": 1000,
      "price100Ms": 0.00000406
    },
    "extract-success-stats": {
      "memoryMiB": 1024,
      "milliCpu": 583,
      "price100Ms": 0.00000231
    }
  }
}

Simulating scenario scenario-01-input-95-Mib with SLO 12000 ms.
{
  "executionTimeMs": 11712,
  "totalCost": 0.000411,
  "data": {
    "sizeBytes": 21512192
  },
  "stepLogs": {
    "validate-log": {
      "resourceProfile": {
        "memoryMiB": 1024,
        "milliCpu": 583,
        "price100Ms": 0.00000231
      },
      "executionTimeMs": 3020,
      "executionCost": 0.000072
    },
    "extract-basic-stats": {
      "resourceProfile": {
        "memoryMiB": 2048,
        "milliCpu": 1000,
        "price100Ms": 0.00000406
      },
      "executionTimeMs": 3973,
      "executionCost": 0.000162
    },
    "extract-successes": {
      "resourceProfile": {
        "memoryMiB": 2048,
        "milliCpu": 1000,
        "price100Ms": 0.00000406
      },
      "executionTimeMs": 3732,
      "executionCost": 0.000154
    },
    "extract-success-stats": {
      "resourceProfile": {
        "memoryMiB": 1024,
        "milliCpu": 583,
        "price100Ms": 0.00000231
      },
      "executionTimeMs": 987,
      "executionCost": 0.000023
    }
  }
}
SLO fulfilled: true
