Simulating scenario scenario-01-input-95-Mib with SLO 13000 ms.
{
  "executionTimeMs": 9852,
  "totalCost": 0.011198,
  "data": {
    "sizeBytes": 21512192
  },
  "stepLogs": {
    "validate-log": {
      "resourceProfile": {
        "memoryMiB": 16384,
        "milliCpu": 4000,
        "price100Ms": 0.0001904
      },
      "executionTimeMs": 2521,
      "executionCost": 0.00495
    },
    "extract-basic-stats": {
      "resourceProfile": {
        "memoryMiB": 16384,
        "milliCpu": 4000,
        "price100Ms": 0.0001904
      },
      "executionTimeMs": 3185,
      "executionCost": 0.006093
    },
    "extract-successes": {
      "resourceProfile": {
        "memoryMiB": 1024,
        "milliCpu": 583,
        "price100Ms": 0.00000231
      },
      "executionTimeMs": 3386,
      "executionCost": 0.000079
    },
    "extract-success-stats": {
      "resourceProfile": {
        "memoryMiB": 8192,
        "milliCpu": 2000,
        "price100Ms": 0.00000952
      },
      "executionTimeMs": 760,
      "executionCost": 0.000076
    }
  }
}
