Simulating scenario scenario-03-input-2-Mib with SLO 750 ms.
{
  "executionTimeMs": 427,
  "totalCost": 0.000024,
  "data": {
    "sizeBytes": 2070369
  },
  "stepLogs": {
    "validate-log": {
      "resourceProfile": {
        "memoryMiB": 2048,
        "milliCpu": 1000,
        "price100Ms": 0.00000406
      },
      "executionTimeMs": 89,
      "executionCost": 0.000004
    },
    "extract-basic-stats": {
      "resourceProfile": {
        "memoryMiB": 2048,
        "milliCpu": 1000,
        "price100Ms": 0.00000406
      },
      "executionTimeMs": 99,
      "executionCost": 0.000004
    },
    "extract-successes": {
      "resourceProfile": {
        "memoryMiB": 2048,
        "milliCpu": 1000,
        "price100Ms": 0.00000406
      },
      "executionTimeMs": 163,
      "executionCost": 0.000008
    },
    "extract-success-stats": {
      "resourceProfile": {
        "memoryMiB": 4096,
        "milliCpu": 2000,
        "price100Ms": 0.00000812
      },
      "executionTimeMs": 76,
      "executionCost": 0.000008
    }
  }
}
