Simulating scenario scenario-02-input-54-Mib with SLO 7000 ms.
{
  "executionTimeMs": 6930,
  "totalCost": 0.000281,
  "data": {
    "sizeBytes": 21569326
  },
  "stepLogs": {
    "validate-log": {
      "resourceProfile": {
        "memoryMiB": 4096,
        "milliCpu": 2000,
        "price100Ms": 0.00000812
      },
      "executionTimeMs": 1652,
      "executionCost": 0.000138
    },
    "extract-basic-stats": {
      "resourceProfile": {
        "memoryMiB": 1024,
        "milliCpu": 583,
        "price100Ms": 0.00000231
      },
      "executionTimeMs": 2318,
      "executionCost": 0.000055
    },
    "extract-successes": {
      "resourceProfile": {
        "memoryMiB": 1024,
        "milliCpu": 583,
        "price100Ms": 0.00000231
      },
      "executionTimeMs": 2114,
      "executionCost": 0.000051
    },
    "extract-success-stats": {
      "resourceProfile": {
        "memoryMiB": 2048,
        "milliCpu": 1000,
        "price100Ms": 0.00000406
      },
      "executionTimeMs": 846,
      "executionCost": 0.000037
    }
  }
}
